#! /usr/local/bin/vvp
:ivl_version "13.0 (devel)" "(s20221226-538-g8c56b2d11)";
:ivl_delay_selection "TYPICAL";
:vpi_time_precision + 0;
:vpi_module "/usr/local/lib64/ivl/system.vpi";
:vpi_module "/usr/local/lib64/ivl/vhdl_sys.vpi";
:vpi_module "/usr/local/lib64/ivl/vhdl_textio.vpi";
:vpi_module "/usr/local/lib64/ivl/v2005_math.vpi";
:vpi_module "/usr/local/lib64/ivl/va_math.vpi";
S_0x1932240 .scope module, "test_elevator" "test_elevator" 2 1;
 .timescale 0 0;
v0x195d520_0 .var "clk", 0 0;
v0x195d610_0 .var "floor_status", 0 0;
v0x195d6e0_0 .var "motion_status", 1 0;
v0x195d7e0_0 .net "out", 3 0, v0x195d290_0;  1 drivers
S_0x1948200 .scope module, "instanceElevator" "elevator" 2 6, 3 1 0, S_0x1932240;
 .timescale 0 0;
    .port_info 0 /INPUT 1 "clk";
    .port_info 1 /INPUT 2 "motion_status";
    .port_info 2 /INPUT 1 "floor_status";
    .port_info 3 /OUTPUT 4 "out";
P_0x19483e0 .param/l "S0" 0 3 7, +C4<00000000000000000000000000000000>;
P_0x1948420 .param/l "S1" 0 3 7, +C4<00000000000000000000000000000001>;
P_0x1948460 .param/l "S2" 0 3 7, +C4<00000000000000000000000000000010>;
P_0x19484a0 .param/l "S3" 0 3 7, +C4<00000000000000000000000000000011>;
P_0x19484e0 .param/l "S4" 0 3 7, +C4<00000000000000000000000000000100>;
v0x1933530_0 .net "clk", 0 0, v0x195d520_0;  1 drivers
v0x195d0e0_0 .net "floor_status", 0 0, v0x195d610_0;  1 drivers
v0x195d1a0_0 .net "motion_status", 1 0, v0x195d6e0_0;  1 drivers
v0x195d290_0 .var "out", 3 0;
v0x195d370_0 .var "present_state", 2 0;
E_0x1942c90 .event posedge, v0x1933530_0;
    .scope S_0x1948200;
T_0 ;
    %pushi/vec4 0, 0, 3;
    %store/vec4 v0x195d370_0, 0, 3;
    %end;
    .thread T_0;
    .scope S_0x1948200;
T_1 ;
    %wait E_0x1942c90;
    %load/vec4 v0x195d370_0;
    %dup/vec4;
    %pushi/vec4 0, 0, 3;
    %cmp/u;
    %jmp/1 T_1.0, 6;
    %dup/vec4;
    %pushi/vec4 1, 0, 3;
    %cmp/u;
    %jmp/1 T_1.1, 6;
    %dup/vec4;
    %pushi/vec4 2, 0, 3;
    %cmp/u;
    %jmp/1 T_1.2, 6;
    %dup/vec4;
    %pushi/vec4 3, 0, 3;
    %cmp/u;
    %jmp/1 T_1.3, 6;
    %dup/vec4;
    %pushi/vec4 4, 0, 3;
    %cmp/u;
    %jmp/1 T_1.4, 6;
    %jmp T_1.5;
T_1.0 ;
    %load/vec4 v0x195d1a0_0;
    %cmpi/e 1, 0, 2;
    %jmp/0xz  T_1.6, 4;
    %pushi/vec4 1, 0, 4;
    %store/vec4 v0x195d290_0, 0, 4;
    %pushi/vec4 1, 0, 3;
    %store/vec4 v0x195d370_0, 0, 3;
    %jmp T_1.7;
T_1.6 ;
    %load/vec4 v0x195d1a0_0;
    %cmpi/e 2, 0, 2;
    %jmp/0xz  T_1.8, 4;
    %pushi/vec4 2, 0, 4;
    %store/vec4 v0x195d290_0, 0, 4;
    %pushi/vec4 2, 0, 3;
    %store/vec4 v0x195d370_0, 0, 3;
T_1.8 ;
T_1.7 ;
    %jmp T_1.5;
T_1.1 ;
    %load/vec4 v0x195d0e0_0;
    %pad/u 32;
    %cmpi/e 1, 0, 32;
    %jmp/0xz  T_1.10, 4;
    %pushi/vec4 3, 0, 4;
    %store/vec4 v0x195d290_0, 0, 4;
    %pushi/vec4 3, 0, 3;
    %store/vec4 v0x195d370_0, 0, 3;
T_1.10 ;
    %jmp T_1.5;
T_1.2 ;
    %load/vec4 v0x195d0e0_0;
    %pad/u 32;
    %cmpi/e 1, 0, 32;
    %jmp/0xz  T_1.12, 4;
    %pushi/vec4 3, 0, 4;
    %store/vec4 v0x195d290_0, 0, 4;
    %pushi/vec4 3, 0, 3;
    %store/vec4 v0x195d370_0, 0, 3;
T_1.12 ;
    %jmp T_1.5;
T_1.3 ;
    %delay 10, 0;
    %pushi/vec4 4, 0, 4;
    %store/vec4 v0x195d290_0, 0, 4;
    %pushi/vec4 4, 0, 3;
    %store/vec4 v0x195d370_0, 0, 3;
    %jmp T_1.5;
T_1.4 ;
    %delay 10, 0;
    %pushi/vec4 0, 0, 4;
    %store/vec4 v0x195d290_0, 0, 4;
    %pushi/vec4 0, 0, 3;
    %store/vec4 v0x195d370_0, 0, 3;
    %jmp T_1.5;
T_1.5 ;
    %pop/vec4 1;
    %jmp T_1;
    .thread T_1;
    .scope S_0x1932240;
T_2 ;
    %vpi_call 2 9 "$dumpfile", "elevator.vcd" {0 0 0};
    %vpi_call 2 10 "$dumpvars", 32'sb00000000000000000000000000000000, S_0x1932240 {0 0 0};
    %pushi/vec4 0, 0, 1;
    %store/vec4 v0x195d520_0, 0, 1;
    %end;
    .thread T_2;
    .scope S_0x1932240;
T_3 ;
    %delay 5, 0;
    %load/vec4 v0x195d520_0;
    %inv;
    %store/vec4 v0x195d520_0, 0, 1;
    %jmp T_3;
    .thread T_3;
    .scope S_0x1932240;
T_4 ;
    %delay 12, 0;
    %pushi/vec4 1, 0, 2;
    %store/vec4 v0x195d6e0_0, 0, 2;
    %delay 5, 0;
    %pushi/vec4 0, 0, 2;
    %store/vec4 v0x195d6e0_0, 0, 2;
    %delay 15, 0;
    %pushi/vec4 1, 0, 1;
    %store/vec4 v0x195d610_0, 0, 1;
    %delay 5, 0;
    %pushi/vec4 0, 0, 1;
    %store/vec4 v0x195d610_0, 0, 1;
    %delay 10, 0;
    %pushi/vec4 2, 0, 2;
    %store/vec4 v0x195d6e0_0, 0, 2;
    %delay 10, 0;
    %pushi/vec4 0, 0, 2;
    %store/vec4 v0x195d6e0_0, 0, 2;
    %delay 10, 0;
    %pushi/vec4 0, 0, 1;
    %store/vec4 v0x195d610_0, 0, 1;
    %delay 10, 0;
    %vpi_call 2 21 "$finish" {0 0 0};
    %end;
    .thread T_4;
# The file index is used to find the file name in the following table.
:file_names 4;
    "N/A";
    "<interactive>";
    "test_elevator.v";
    "elevator.v";
